Loaded 6 API keys for rotation
🔍 Researching trending entertainment topics...
  Key 1 exhausted, trying next...
  Key 2 exhausted, trying next...
  Key 3 exhausted, trying next...
  Key 4 exhausted, trying next...
  Key 5 exhausted, trying next...
  Key 6 exhausted, trying next...
  Attempt 1: Research failed - All API keys exhausted (429 on all)
  Key 1 exhausted, trying next...
  Key 2 exhausted, trying next...
  Key 3 exhausted, trying next...
  Key 4 exhausted, trying next...
  Key 5 exhausted, trying next...
  Key 6 exhausted, trying next...
  Attempt 2: Research failed - All API keys exhausted (429 on all)
  Key 1 exhausted, trying next...
  Key 2 exhausted, trying next...
  Key 3 exhausted, trying next...
  Key 4 exhausted, trying next...
  Key 5 exhausted, trying next...
  Key 6 exhausted, trying next...
  Attempt 3: Research failed - All API keys exhausted (429 on all)
ERROR: Could not get topic after 3 attempts
